[0411/093626.314:ERROR:audio_rtp_receiver.cc(89)] AudioRtpReceiver::OnSetVolume: No audio channel exists.
[0411/093626.315:WARNING:used_ids.h(55)] Duplicate id found. Reassigning from 104 to 127
[0411/093626.315:WARNING:used_ids.h(55)] Duplicate id found. Reassigning from 102 to 125
[0411/093626.315:WARNING:used_ids.h(55)] Duplicate id found. Reassigning from 104 to 124
[0411/093626.315:WARNING:used_ids.h(55)] Duplicate id found. Reassigning from 106 to 123
[0411/093626.315:WARNING:used_ids.h(55)] Duplicate id found. Reassigning from 103 to 122
[0411/093626.315:WARNING:used_ids.h(55)] Duplicate id found. Reassigning from 105 to 121
[0411/093626.315:WARNING:used_ids.h(55)] Duplicate id found. Reassigning from 109 to 120
[0411/093626.315:WARNING:used_ids.h(55)] Duplicate id found. Reassigning from 1 to 14
[0411/093626.315:WARNING:used_ids.h(55)] Duplicate id found. Reassigning from 3 to 13
[0411/093626.315:WARNING:used_ids.h(55)] Duplicate id found. Reassigning from 5 to 12
[0411/093626.315:WARNING:used_ids.h(55)] Duplicate id found. Reassigning from 6 to 11
[0411/093752.279:WARNING:used_ids.h(55)] Duplicate id found. Reassigning from 104 to 127
[0411/093752.279:WARNING:used_ids.h(55)] Duplicate id found. Reassigning from 103 to 125
[0411/093752.279:WARNING:used_ids.h(55)] Duplicate id found. Reassigning from 1 to 14
[0411/093752.279:WARNING:used_ids.h(55)] Duplicate id found. Reassigning from 3 to 13
[0411/093752.279:WARNING:used_ids.h(55)] Duplicate id found. Reassigning from 5 to 12
[0411/093752.279:WARNING:used_ids.h(55)] Duplicate id found. Reassigning from 6 to 11
[0411/093752.279:ERROR:audio_rtp_receiver.cc(89)] AudioRtpReceiver::OnSetVolume: No audio channel exists.
[0411/093802.766:ERROR:audio_rtp_receiver.cc(89)] AudioRtpReceiver::OnSetVolume: No audio channel exists.
[0411/093802.766:WARNING:used_ids.h(55)] Duplicate id found. Reassigning from 104 to 127
[0411/093802.766:WARNING:used_ids.h(55)] Duplicate id found. Reassigning from 102 to 125
[0411/093802.766:WARNING:used_ids.h(55)] Duplicate id found. Reassigning from 104 to 124
[0411/093802.766:WARNING:used_ids.h(55)] Duplicate id found. Reassigning from 106 to 123
[0411/093802.766:WARNING:used_ids.h(55)] Duplicate id found. Reassigning from 103 to 122
[0411/093802.766:WARNING:used_ids.h(55)] Duplicate id found. Reassigning from 105 to 121
[0411/093802.766:WARNING:used_ids.h(55)] Duplicate id found. Reassigning from 109 to 120
[0411/093802.766:WARNING:used_ids.h(55)] Duplicate id found. Reassigning from 1 to 14
[0411/093802.766:WARNING:used_ids.h(55)] Duplicate id found. Reassigning from 3 to 13
[0411/093802.766:WARNING:used_ids.h(55)] Duplicate id found. Reassigning from 5 to 12
[0411/093802.766:WARNING:used_ids.h(55)] Duplicate id found. Reassigning from 6 to 11
[0411/093808.442:ERROR:audio_rtp_receiver.cc(89)] AudioRtpReceiver::OnSetVolume: No audio channel exists.
[0411/093808.442:WARNING:used_ids.h(55)] Duplicate id found. Reassigning from 104 to 127
[0411/093808.442:WARNING:used_ids.h(55)] Duplicate id found. Reassigning from 102 to 125
[0411/093808.442:WARNING:used_ids.h(55)] Duplicate id found. Reassigning from 104 to 124
[0411/093808.442:WARNING:used_ids.h(55)] Duplicate id found. Reassigning from 106 to 123
[0411/093808.442:WARNING:used_ids.h(55)] Duplicate id found. Reassigning from 103 to 122
[0411/093808.442:WARNING:used_ids.h(55)] Duplicate id found. Reassigning from 105 to 121
[0411/093808.442:WARNING:used_ids.h(55)] Duplicate id found. Reassigning from 109 to 120
[0411/093808.442:WARNING:used_ids.h(55)] Duplicate id found. Reassigning from 1 to 14
[0411/093808.442:WARNING:used_ids.h(55)] Duplicate id found. Reassigning from 3 to 13
[0411/093808.442:WARNING:used_ids.h(55)] Duplicate id found. Reassigning from 5 to 12
[0411/093808.442:WARNING:used_ids.h(55)] Duplicate id found. Reassigning from 6 to 11
[0411/093816.495:ERROR:audio_rtp_receiver.cc(89)] AudioRtpReceiver::OnSetVolume: No audio channel exists.
[0411/093816.495:WARNING:used_ids.h(55)] Duplicate id found. Reassigning from 104 to 127
[0411/093816.495:WARNING:used_ids.h(55)] Duplicate id found. Reassigning from 102 to 125
[0411/093816.503:WARNING:used_ids.h(55)] Duplicate id found. Reassigning from 104 to 124
[0411/093816.503:WARNING:used_ids.h(55)] Duplicate id found. Reassigning from 106 to 123
[0411/093816.503:WARNING:used_ids.h(55)] Duplicate id found. Reassigning from 103 to 122
[0411/093816.503:WARNING:used_ids.h(55)] Duplicate id found. Reassigning from 105 to 121
[0411/093816.503:WARNING:used_ids.h(55)] Duplicate id found. Reassigning from 109 to 120
[0411/093816.503:WARNING:used_ids.h(55)] Duplicate id found. Reassigning from 1 to 14
[0411/093816.503:WARNING:used_ids.h(55)] Duplicate id found. Reassigning from 3 to 13
[0411/093816.503:WARNING:used_ids.h(55)] Duplicate id found. Reassigning from 5 to 12
[0411/093816.503:WARNING:used_ids.h(55)] Duplicate id found. Reassigning from 6 to 11
[0411/093829.598:ERROR:audio_rtp_receiver.cc(89)] AudioRtpReceiver::OnSetVolume: No audio channel exists.
[0411/093829.598:WARNING:used_ids.h(55)] Duplicate id found. Reassigning from 104 to 127
[0411/093829.598:WARNING:used_ids.h(55)] Duplicate id found. Reassigning from 102 to 125
[0411/093829.598:WARNING:used_ids.h(55)] Duplicate id found. Reassigning from 104 to 124
[0411/093829.598:WARNING:used_ids.h(55)] Duplicate id found. Reassigning from 106 to 123
[0411/093829.599:WARNING:used_ids.h(55)] Duplicate id found. Reassigning from 103 to 122
[0411/093829.599:WARNING:used_ids.h(55)] Duplicate id found. Reassigning from 105 to 121
[0411/093829.599:WARNING:used_ids.h(55)] Duplicate id found. Reassigning from 109 to 120
[0411/093829.599:WARNING:used_ids.h(55)] Duplicate id found. Reassigning from 1 to 14
[0411/093829.599:WARNING:used_ids.h(55)] Duplicate id found. Reassigning from 3 to 13
[0411/093829.599:WARNING:used_ids.h(55)] Duplicate id found. Reassigning from 5 to 12
[0411/093829.599:WARNING:used_ids.h(55)] Duplicate id found. Reassigning from 6 to 11
[0411/093838.802:ERROR:audio_rtp_receiver.cc(89)] AudioRtpReceiver::OnSetVolume: No audio channel exists.
[0411/093838.802:WARNING:used_ids.h(55)] Duplicate id found. Reassigning from 104 to 127
[0411/093838.802:WARNING:used_ids.h(55)] Duplicate id found. Reassigning from 102 to 125
[0411/093838.802:WARNING:used_ids.h(55)] Duplicate id found. Reassigning from 104 to 124
[0411/093838.802:WARNING:used_ids.h(55)] Duplicate id found. Reassigning from 106 to 123
[0411/093838.802:WARNING:used_ids.h(55)] Duplicate id found. Reassigning from 103 to 122
[0411/093838.802:WARNING:used_ids.h(55)] Duplicate id found. Reassigning from 105 to 121
[0411/093838.802:WARNING:used_ids.h(55)] Duplicate id found. Reassigning from 109 to 120
[0411/093838.802:WARNING:used_ids.h(55)] Duplicate id found. Reassigning from 1 to 14
[0411/093838.802:WARNING:used_ids.h(55)] Duplicate id found. Reassigning from 3 to 13
[0411/093838.802:WARNING:used_ids.h(55)] Duplicate id found. Reassigning from 5 to 12
[0411/093838.802:WARNING:used_ids.h(55)] Duplicate id found. Reassigning from 6 to 11
[0411/100148.165:WARNING:used_ids.h(55)] Duplicate id found. Reassigning from 104 to 127
[0411/100148.165:WARNING:used_ids.h(55)] Duplicate id found. Reassigning from 102 to 125
[0411/100148.165:WARNING:used_ids.h(55)] Duplicate id found. Reassigning from 104 to 124
[0411/100148.165:WARNING:used_ids.h(55)] Duplicate id found. Reassigning from 106 to 123
[0411/100148.165:WARNING:used_ids.h(55)] Duplicate id found. Reassigning from 103 to 122
[0411/100148.165:WARNING:used_ids.h(55)] Duplicate id found. Reassigning from 105 to 121
[0411/100148.165:WARNING:used_ids.h(55)] Duplicate id found. Reassigning from 109 to 120
[0411/100148.165:WARNING:used_ids.h(55)] Duplicate id found. Reassigning from 1 to 14
[0411/100148.165:WARNING:used_ids.h(55)] Duplicate id found. Reassigning from 3 to 13
[0411/100148.165:WARNING:used_ids.h(55)] Duplicate id found. Reassigning from 5 to 12
[0411/100148.165:WARNING:used_ids.h(55)] Duplicate id found. Reassigning from 6 to 11
[0411/100148.165:ERROR:audio_rtp_receiver.cc(89)] AudioRtpReceiver::OnSetVolume: No audio channel exists.
[0411/100148.391:ERROR:audio_rtp_receiver.cc(89)] AudioRtpReceiver::OnSetVolume: No audio channel exists.
[0411/100148.391:WARNING:used_ids.h(55)] Duplicate id found. Reassigning from 104 to 127
[0411/100148.391:WARNING:used_ids.h(55)] Duplicate id found. Reassigning from 102 to 125
[0411/100148.391:WARNING:used_ids.h(55)] Duplicate id found. Reassigning from 104 to 124
[0411/100148.391:WARNING:used_ids.h(55)] Duplicate id found. Reassigning from 106 to 123
[0411/100148.391:WARNING:used_ids.h(55)] Duplicate id found. Reassigning from 103 to 122
[0411/100148.391:WARNING:used_ids.h(55)] Duplicate id found. Reassigning from 105 to 121
[0411/100148.391:WARNING:used_ids.h(55)] Duplicate id found. Reassigning from 109 to 120
[0411/100148.391:WARNING:used_ids.h(55)] Duplicate id found. Reassigning from 1 to 14
[0411/100148.391:WARNING:used_ids.h(55)] Duplicate id found. Reassigning from 3 to 13
[0411/100148.391:WARNING:used_ids.h(55)] Duplicate id found. Reassigning from 5 to 12
[0411/100148.391:WARNING:used_ids.h(55)] Duplicate id found. Reassigning from 6 to 11
[0411/100156.520:ERROR:batching_media_log.cc(38)] MediaEvent: {"error":"FFmpegDemuxer: no supported streams"}
[0411/100156.536:ERROR:batching_media_log.cc(35)] MediaEvent: {"pipeline_error":14}
[0411/100156.560:ERROR:batching_media_log.cc(38)] MediaEvent: {"error":"FFmpegDemuxer: no supported streams"}
[0411/100156.560:ERROR:batching_media_log.cc(35)] MediaEvent: {"pipeline_error":14}
[0414/101604.978:ERROR:os_crypt_win.cc(92)] Failed to decrypt: Clave no válida para utilizar en el estado especificado. (0x8009000B)
[0414/101616.644:WARNING:value_store_frontend.cc(44)] Reading mhjfbmdgcfjbbpaeojofohoefgiehjai.alarms from  failed: IO error: .../MANIFEST-000001: Unable to create sequential file (ChromeMethodBFE: 7::NewSequentialFile::1)
[0414/102101.859:ERROR:batching_media_log.cc(38)] MediaEvent: {"error":"FFmpegDemuxer: no supported streams"}
[0414/102101.865:ERROR:batching_media_log.cc(35)] MediaEvent: {"pipeline_error":14}
[0414/102103.048:ERROR:batching_media_log.cc(38)] MediaEvent: {"error":"FFmpegDemuxer: no supported streams"}
[0414/102103.049:ERROR:batching_media_log.cc(35)] MediaEvent: {"pipeline_error":14}
[0414/102103.104:WARNING:spdy_session.cc(3365)] Received HEADERS for invalid stream 19
[0414/102105.105:ERROR:leveldb_factory.cc(90)] Failed to open LevelDB database from C:/Users/rober/OneDrive/Escritorio/LWH_local/Saved/webcache_4147\IndexedDB\https_www.youtube.com_0.indexeddb.leveldb,IO error: C:/Users/rober/OneDrive/Escritorio/LWH_local/Saved/webcache_4147\IndexedDB\https_www.youtube.com_0.indexeddb.leveldb/MANIFEST-000001: Unable to create sequential file (ChromeMethodBFE: 7::NewSequentialFile::1)
[0414/102105.113:ERROR:leveldb_factory.cc(90)] Failed to open LevelDB database from C:/Users/rober/OneDrive/Escritorio/LWH_local/Saved/webcache_4147\IndexedDB\https_www.youtube.com_0.indexeddb.leveldb,IO error: C:/Users/rober/OneDrive/Escritorio/LWH_local/Saved/webcache_4147\IndexedDB\https_www.youtube.com_0.indexeddb.leveldb/MANIFEST-000001: Unable to create sequential file (ChromeMethodBFE: 7::NewSequentialFile::1)
[0425/094321.434:ERROR:os_crypt_win.cc(92)] Failed to decrypt: Clave no válida para utilizar en el estado especificado. (0x8009000B)
[0425/094322.207:ERROR:backend_impl.cc(1041)] Critical error found -8
[0425/094322.207:ERROR:entry_impl.cc(1076)] No file for c103082c
[0425/094322.207:WARNING:storage_block-inl.h(146)] Failed data load.
[0425/094322.207:WARNING:storage_block-inl.h(146)] Failed data load.
[0425/094322.207:WARNING:storage_block-inl.h(146)] Failed data load.
[0425/094322.207:WARNING:storage_block-inl.h(146)] Failed data load.
[0425/094322.207:ERROR:entry_impl.cc(1076)] No file for c103082e
[0425/094322.207:WARNING:storage_block-inl.h(146)] Failed data load.
[0425/094322.207:WARNING:storage_block-inl.h(146)] Failed data load.
[0425/094322.207:WARNING:storage_block-inl.h(146)] Failed data load.
[0425/094322.207:WARNING:storage_block-inl.h(146)] Failed data load.
[0425/094322.207:ERROR:entry_impl.cc(1076)] No file for c103082a
[0425/094322.207:WARNING:storage_block-inl.h(146)] Failed data load.
[0425/094322.207:WARNING:storage_block-inl.h(146)] Failed data load.
[0425/094322.208:WARNING:storage_block-inl.h(146)] Failed data load.
[0425/105209.688:ERROR:audio_rtp_receiver.cc(89)] AudioRtpReceiver::OnSetVolume: No audio channel exists.
[0425/105209.688:WARNING:used_ids.h(55)] Duplicate id found. Reassigning from 104 to 127
[0425/105209.688:WARNING:used_ids.h(55)] Duplicate id found. Reassigning from 102 to 125
[0425/105209.688:WARNING:used_ids.h(55)] Duplicate id found. Reassigning from 104 to 124
[0425/105209.688:WARNING:used_ids.h(55)] Duplicate id found. Reassigning from 106 to 123
[0425/105209.688:WARNING:used_ids.h(55)] Duplicate id found. Reassigning from 103 to 122
[0425/105209.688:WARNING:used_ids.h(55)] Duplicate id found. Reassigning from 105 to 121
[0425/105209.688:WARNING:used_ids.h(55)] Duplicate id found. Reassigning from 109 to 120
[0425/105209.688:WARNING:used_ids.h(55)] Duplicate id found. Reassigning from 1 to 14
[0425/105209.688:WARNING:used_ids.h(55)] Duplicate id found. Reassigning from 3 to 13
[0425/105209.688:WARNING:used_ids.h(55)] Duplicate id found. Reassigning from 5 to 12
[0425/105209.688:WARNING:used_ids.h(55)] Duplicate id found. Reassigning from 6 to 11
[0425/105215.749:ERROR:audio_rtp_receiver.cc(89)] AudioRtpReceiver::OnSetVolume: No audio channel exists.
[0425/105215.749:WARNING:used_ids.h(55)] Duplicate id found. Reassigning from 104 to 127
[0425/105215.749:WARNING:used_ids.h(55)] Duplicate id found. Reassigning from 102 to 125
[0425/105215.749:WARNING:used_ids.h(55)] Duplicate id found. Reassigning from 104 to 124
[0425/105215.749:WARNING:used_ids.h(55)] Duplicate id found. Reassigning from 106 to 123
[0425/105215.749:WARNING:used_ids.h(55)] Duplicate id found. Reassigning from 103 to 122
[0425/105215.749:WARNING:used_ids.h(55)] Duplicate id found. Reassigning from 105 to 121
[0425/105215.749:WARNING:used_ids.h(55)] Duplicate id found. Reassigning from 109 to 120
[0425/105215.749:WARNING:used_ids.h(55)] Duplicate id found. Reassigning from 1 to 14
[0425/105215.749:WARNING:used_ids.h(55)] Duplicate id found. Reassigning from 3 to 13
[0425/105215.749:WARNING:used_ids.h(55)] Duplicate id found. Reassigning from 5 to 12
[0425/105215.749:WARNING:used_ids.h(55)] Duplicate id found. Reassigning from 6 to 11
[0425/105237.381:ERROR:audio_rtp_receiver.cc(89)] AudioRtpReceiver::OnSetVolume: No audio channel exists.
[0425/105237.381:WARNING:used_ids.h(55)] Duplicate id found. Reassigning from 104 to 127
[0425/105237.381:WARNING:used_ids.h(55)] Duplicate id found. Reassigning from 102 to 125
[0425/105237.381:WARNING:used_ids.h(55)] Duplicate id found. Reassigning from 104 to 124
[0425/105237.381:WARNING:used_ids.h(55)] Duplicate id found. Reassigning from 106 to 123
[0425/105237.381:WARNING:used_ids.h(55)] Duplicate id found. Reassigning from 103 to 122
[0425/105237.381:WARNING:used_ids.h(55)] Duplicate id found. Reassigning from 105 to 121
[0425/105237.381:WARNING:used_ids.h(55)] Duplicate id found. Reassigning from 109 to 120
[0425/105237.381:WARNING:used_ids.h(55)] Duplicate id found. Reassigning from 1 to 14
[0425/105237.381:WARNING:used_ids.h(55)] Duplicate id found. Reassigning from 3 to 13
[0425/105237.381:WARNING:used_ids.h(55)] Duplicate id found. Reassigning from 5 to 12
[0425/105237.381:WARNING:used_ids.h(55)] Duplicate id found. Reassigning from 6 to 11
[0425/105242.274:ERROR:audio_rtp_receiver.cc(89)] AudioRtpReceiver::OnSetVolume: No audio channel exists.
[0425/105242.274:WARNING:used_ids.h(55)] Duplicate id found. Reassigning from 104 to 127
[0425/105242.274:WARNING:used_ids.h(55)] Duplicate id found. Reassigning from 102 to 125
[0425/105242.274:WARNING:used_ids.h(55)] Duplicate id found. Reassigning from 104 to 124
[0425/105242.274:WARNING:used_ids.h(55)] Duplicate id found. Reassigning from 106 to 123
[0425/105242.274:WARNING:used_ids.h(55)] Duplicate id found. Reassigning from 103 to 122
[0425/105242.274:WARNING:used_ids.h(55)] Duplicate id found. Reassigning from 105 to 121
[0425/105242.274:WARNING:used_ids.h(55)] Duplicate id found. Reassigning from 109 to 120
[0425/105242.274:WARNING:used_ids.h(55)] Duplicate id found. Reassigning from 1 to 14
[0425/105242.274:WARNING:used_ids.h(55)] Duplicate id found. Reassigning from 3 to 13
[0425/105242.274:WARNING:used_ids.h(55)] Duplicate id found. Reassigning from 5 to 12
[0425/105242.274:WARNING:used_ids.h(55)] Duplicate id found. Reassigning from 6 to 11
[0425/105340.831:WARNING:used_ids.h(55)] Duplicate id found. Reassigning from 104 to 127
[0425/105340.831:WARNING:used_ids.h(55)] Duplicate id found. Reassigning from 103 to 125
[0425/105340.831:WARNING:used_ids.h(55)] Duplicate id found. Reassigning from 1 to 14
[0425/105340.831:WARNING:used_ids.h(55)] Duplicate id found. Reassigning from 3 to 13
[0425/105340.831:WARNING:used_ids.h(55)] Duplicate id found. Reassigning from 5 to 12
[0425/105340.831:WARNING:used_ids.h(55)] Duplicate id found. Reassigning from 6 to 11
[0425/105340.831:ERROR:audio_rtp_receiver.cc(89)] AudioRtpReceiver::OnSetVolume: No audio channel exists.
[0425/105347.599:ERROR:audio_rtp_receiver.cc(89)] AudioRtpReceiver::OnSetVolume: No audio channel exists.
[0425/105347.599:WARNING:used_ids.h(55)] Duplicate id found. Reassigning from 104 to 127
[0425/105347.599:WARNING:used_ids.h(55)] Duplicate id found. Reassigning from 102 to 125
[0425/105347.599:WARNING:used_ids.h(55)] Duplicate id found. Reassigning from 104 to 124
[0425/105347.599:WARNING:used_ids.h(55)] Duplicate id found. Reassigning from 106 to 123
[0425/105347.599:WARNING:used_ids.h(55)] Duplicate id found. Reassigning from 103 to 122
[0425/105347.599:WARNING:used_ids.h(55)] Duplicate id found. Reassigning from 105 to 121
[0425/105347.599:WARNING:used_ids.h(55)] Duplicate id found. Reassigning from 109 to 120
[0425/105347.599:WARNING:used_ids.h(55)] Duplicate id found. Reassigning from 1 to 14
[0425/105347.599:WARNING:used_ids.h(55)] Duplicate id found. Reassigning from 3 to 13
[0425/105347.599:WARNING:used_ids.h(55)] Duplicate id found. Reassigning from 5 to 12
[0425/105347.599:WARNING:used_ids.h(55)] Duplicate id found. Reassigning from 6 to 11
[0425/105351.767:ERROR:audio_rtp_receiver.cc(89)] AudioRtpReceiver::OnSetVolume: No audio channel exists.
[0425/105351.767:WARNING:used_ids.h(55)] Duplicate id found. Reassigning from 104 to 127
[0425/105351.767:WARNING:used_ids.h(55)] Duplicate id found. Reassigning from 102 to 125
[0425/105351.767:WARNING:used_ids.h(55)] Duplicate id found. Reassigning from 104 to 124
[0425/105351.767:WARNING:used_ids.h(55)] Duplicate id found. Reassigning from 106 to 123
[0425/105351.767:WARNING:used_ids.h(55)] Duplicate id found. Reassigning from 103 to 122
[0425/105351.767:WARNING:used_ids.h(55)] Duplicate id found. Reassigning from 105 to 121
[0425/105351.767:WARNING:used_ids.h(55)] Duplicate id found. Reassigning from 109 to 120
[0425/105351.767:WARNING:used_ids.h(55)] Duplicate id found. Reassigning from 1 to 14
[0425/105351.767:WARNING:used_ids.h(55)] Duplicate id found. Reassigning from 3 to 13
[0425/105351.767:WARNING:used_ids.h(55)] Duplicate id found. Reassigning from 5 to 12
[0425/105351.767:WARNING:used_ids.h(55)] Duplicate id found. Reassigning from 6 to 11
[0425/105354.420:ERROR:audio_rtp_receiver.cc(89)] AudioRtpReceiver::OnSetVolume: No audio channel exists.
[0425/105354.420:WARNING:used_ids.h(55)] Duplicate id found. Reassigning from 104 to 127
[0425/105354.420:WARNING:used_ids.h(55)] Duplicate id found. Reassigning from 102 to 125
[0425/105354.420:WARNING:used_ids.h(55)] Duplicate id found. Reassigning from 104 to 124
[0425/105354.420:WARNING:used_ids.h(55)] Duplicate id found. Reassigning from 106 to 123
[0425/105354.420:WARNING:used_ids.h(55)] Duplicate id found. Reassigning from 103 to 122
[0425/105354.420:WARNING:used_ids.h(55)] Duplicate id found. Reassigning from 105 to 121
[0425/105354.420:WARNING:used_ids.h(55)] Duplicate id found. Reassigning from 109 to 120
[0425/105354.420:WARNING:used_ids.h(55)] Duplicate id found. Reassigning from 1 to 14
[0425/105354.420:WARNING:used_ids.h(55)] Duplicate id found. Reassigning from 3 to 13
[0425/105354.420:WARNING:used_ids.h(55)] Duplicate id found. Reassigning from 5 to 12
[0425/105354.420:WARNING:used_ids.h(55)] Duplicate id found. Reassigning from 6 to 11
[0425/105403.449:ERROR:audio_rtp_receiver.cc(89)] AudioRtpReceiver::OnSetVolume: No audio channel exists.
[0425/105403.449:WARNING:used_ids.h(55)] Duplicate id found. Reassigning from 104 to 127
[0425/105403.449:WARNING:used_ids.h(55)] Duplicate id found. Reassigning from 102 to 125
[0425/105403.449:WARNING:used_ids.h(55)] Duplicate id found. Reassigning from 104 to 124
[0425/105403.449:WARNING:used_ids.h(55)] Duplicate id found. Reassigning from 106 to 123
[0425/105403.450:WARNING:used_ids.h(55)] Duplicate id found. Reassigning from 103 to 122
[0425/105403.450:WARNING:used_ids.h(55)] Duplicate id found. Reassigning from 105 to 121
[0425/105403.450:WARNING:used_ids.h(55)] Duplicate id found. Reassigning from 109 to 120
[0425/105403.450:WARNING:used_ids.h(55)] Duplicate id found. Reassigning from 1 to 14
[0425/105403.450:WARNING:used_ids.h(55)] Duplicate id found. Reassigning from 3 to 13
[0425/105403.450:WARNING:used_ids.h(55)] Duplicate id found. Reassigning from 5 to 12
[0425/105403.450:WARNING:used_ids.h(55)] Duplicate id found. Reassigning from 6 to 11
[0425/105439.053:ERROR:audio_rtp_receiver.cc(89)] AudioRtpReceiver::OnSetVolume: No audio channel exists.
[0425/105439.054:WARNING:used_ids.h(55)] Duplicate id found. Reassigning from 104 to 127
[0425/105439.054:WARNING:used_ids.h(55)] Duplicate id found. Reassigning from 102 to 125
[0425/105439.054:WARNING:used_ids.h(55)] Duplicate id found. Reassigning from 104 to 124
[0425/105439.054:WARNING:used_ids.h(55)] Duplicate id found. Reassigning from 106 to 123
[0425/105439.054:WARNING:used_ids.h(55)] Duplicate id found. Reassigning from 103 to 122
[0425/105439.054:WARNING:used_ids.h(55)] Duplicate id found. Reassigning from 105 to 121
[0425/105439.054:WARNING:used_ids.h(55)] Duplicate id found. Reassigning from 109 to 120
[0425/105439.054:WARNING:used_ids.h(55)] Duplicate id found. Reassigning from 1 to 14
[0425/105439.054:WARNING:used_ids.h(55)] Duplicate id found. Reassigning from 3 to 13
[0425/105439.054:WARNING:used_ids.h(55)] Duplicate id found. Reassigning from 5 to 12
[0425/105439.054:WARNING:used_ids.h(55)] Duplicate id found. Reassigning from 6 to 11
[0425/105547.966:ERROR:audio_rtp_receiver.cc(89)] AudioRtpReceiver::OnSetVolume: No audio channel exists.
[0425/105547.966:WARNING:used_ids.h(55)] Duplicate id found. Reassigning from 104 to 127
[0425/105547.966:WARNING:used_ids.h(55)] Duplicate id found. Reassigning from 102 to 125
[0425/105547.966:WARNING:used_ids.h(55)] Duplicate id found. Reassigning from 104 to 124
[0425/105547.966:WARNING:used_ids.h(55)] Duplicate id found. Reassigning from 106 to 123
[0425/105547.966:WARNING:used_ids.h(55)] Duplicate id found. Reassigning from 103 to 122
[0425/105547.966:WARNING:used_ids.h(55)] Duplicate id found. Reassigning from 105 to 121
[0425/105547.966:WARNING:used_ids.h(55)] Duplicate id found. Reassigning from 109 to 120
[0425/105547.966:WARNING:used_ids.h(55)] Duplicate id found. Reassigning from 1 to 14
[0425/105547.966:WARNING:used_ids.h(55)] Duplicate id found. Reassigning from 3 to 13
[0425/105547.966:WARNING:used_ids.h(55)] Duplicate id found. Reassigning from 5 to 12
[0425/105547.966:WARNING:used_ids.h(55)] Duplicate id found. Reassigning from 6 to 11
[0425/105557.717:ERROR:audio_rtp_receiver.cc(89)] AudioRtpReceiver::OnSetVolume: No audio channel exists.
[0425/105557.717:WARNING:used_ids.h(55)] Duplicate id found. Reassigning from 104 to 127
[0425/105557.717:WARNING:used_ids.h(55)] Duplicate id found. Reassigning from 102 to 125
[0425/105557.717:WARNING:used_ids.h(55)] Duplicate id found. Reassigning from 104 to 124
[0425/105557.717:WARNING:used_ids.h(55)] Duplicate id found. Reassigning from 106 to 123
[0425/105557.717:WARNING:used_ids.h(55)] Duplicate id found. Reassigning from 103 to 122
[0425/105557.717:WARNING:used_ids.h(55)] Duplicate id found. Reassigning from 105 to 121
[0425/105557.717:WARNING:used_ids.h(55)] Duplicate id found. Reassigning from 109 to 120
[0425/105557.717:WARNING:used_ids.h(55)] Duplicate id found. Reassigning from 1 to 14
[0425/105557.717:WARNING:used_ids.h(55)] Duplicate id found. Reassigning from 3 to 13
[0425/105557.717:WARNING:used_ids.h(55)] Duplicate id found. Reassigning from 5 to 12
[0425/105557.717:WARNING:used_ids.h(55)] Duplicate id found. Reassigning from 6 to 11
[0425/105607.293:ERROR:batching_media_log.cc(38)] MediaEvent: {"error":"FFmpegDemuxer: no supported streams"}
[0425/105607.293:ERROR:batching_media_log.cc(35)] MediaEvent: {"pipeline_error":14}
[0425/105607.949:ERROR:batching_media_log.cc(38)] MediaEvent: {"error":"FFmpegDemuxer: no supported streams"}
[0425/105607.950:ERROR:batching_media_log.cc(35)] MediaEvent: {"pipeline_error":14}
